2024/03/13 20:22:22 [notice] 1#1: using the "epoll" event method
2024/03/13 20:22:22 [notice] 1#1: nginx/1.23.1
2024/03/13 20:22:22 [notice] 1#1: built by gcc 11.2.1 20220219 (Alpine 11.2.1_git20220219) 
2024/03/13 20:22:22 [notice] 1#1: OS: Linux 5.15.0-60-generic
2024/03/13 20:22:22 [notice] 1#1: getrlimit(RLIMIT_NOFILE): 1048576:1048576
2024/03/13 20:22:22 [notice] 1#1: start worker processes
2024/03/13 20:22:22 [notice] 1#1: start worker process 31
2024/03/13 20:22:22 [notice] 1#1: start worker process 32
2024/03/13 20:22:22 [notice] 1#1: start worker process 33
2024/03/13 20:22:22 [notice] 1#1: start worker process 34
2024/03/13 20:22:22 [notice] 1#1: start worker process 35
2024/03/13 20:22:22 [notice] 1#1: start worker process 36
2024/03/13 20:22:22 [notice] 1#1: start worker process 37
2024/03/13 20:22:22 [notice] 1#1: start worker process 38
2024/03/13 20:22:22 [notice] 1#1: start worker process 39
2024/03/13 20:22:22 [notice] 1#1: start worker process 40
2024/03/13 20:22:22 [notice] 1#1: start worker process 41
2024/03/13 20:22:22 [notice] 1#1: start worker process 42
2024/03/13 20:23:17 [notice] 1#1: signal 3 (SIGQUIT) received, shutting down
2024/03/13 20:23:17 [notice] 31#31: gracefully shutting down
2024/03/13 20:23:17 [notice] 32#32: gracefully shutting down
2024/03/13 20:23:17 [notice] 33#33: gracefully shutting down
2024/03/13 20:23:17 [notice] 34#34: gracefully shutting down
2024/03/13 20:23:17 [notice] 35#35: gracefully shutting down
2024/03/13 20:23:17 [notice] 41#41: gracefully shutting down
2024/03/13 20:23:17 [notice] 33#33: exiting
2024/03/13 20:23:17 [notice] 40#40: gracefully shutting down
2024/03/13 20:23:17 [notice] 34#34: exiting
2024/03/13 20:23:17 [notice] 35#35: exiting
2024/03/13 20:23:17 [notice] 41#41: exiting
2024/03/13 20:23:17 [notice] 40#40: exiting
2024/03/13 20:23:17 [notice] 31#31: exiting
2024/03/13 20:23:17 [notice] 38#38: gracefully shutting down
2024/03/13 20:23:17 [notice] 41#41: exit
2024/03/13 20:23:17 [notice] 35#35: exit
2024/03/13 20:23:17 [notice] 34#34: exit
2024/03/13 20:23:17 [notice] 33#33: exit
2024/03/13 20:23:17 [notice] 40#40: exit
2024/03/13 20:23:17 [notice] 31#31: exit
2024/03/13 20:23:17 [notice] 38#38: exiting
2024/03/13 20:23:17 [notice] 38#38: exit
2024/03/13 20:23:17 [notice] 37#37: gracefully shutting down
2024/03/13 20:23:17 [notice] 36#36: gracefully shutting down
2024/03/13 20:23:17 [notice] 39#39: gracefully shutting down
2024/03/13 20:23:17 [notice] 37#37: exiting
2024/03/13 20:23:17 [notice] 36#36: exiting
2024/03/13 20:23:17 [notice] 39#39: exiting
2024/03/13 20:23:17 [notice] 39#39: exit
2024/03/13 20:23:17 [notice] 37#37: exit
2024/03/13 20:23:17 [notice] 36#36: exit
2024/03/13 20:23:17 [notice] 42#42: gracefully shutting down
2024/03/13 20:23:17 [notice] 42#42: exiting
2024/03/13 20:23:17 [notice] 42#42: exit
2024/03/13 20:23:17 [notice] 1#1: signal 17 (SIGCHLD) received from 39
2024/03/13 20:23:17 [notice] 1#1: worker process 38 exited with code 0
2024/03/13 20:23:17 [notice] 1#1: worker process 39 exited with code 0
2024/03/13 20:23:17 [notice] 1#1: signal 29 (SIGIO) received
2024/03/13 20:23:17 [notice] 1#1: signal 17 (SIGCHLD) received from 33
2024/03/13 20:23:17 [notice] 1#1: worker process 33 exited with code 0
2024/03/13 20:23:17 [notice] 1#1: worker process 34 exited with code 0
2024/03/13 20:23:17 [notice] 1#1: worker process 37 exited with code 0
2024/03/13 20:23:17 [notice] 1#1: worker process 41 exited with code 0
2024/03/13 20:23:17 [notice] 1#1: signal 29 (SIGIO) received
2024/03/13 20:23:17 [notice] 1#1: signal 17 (SIGCHLD) received from 41
2024/03/13 20:23:17 [notice] 1#1: signal 17 (SIGCHLD) received from 35
2024/03/13 20:23:17 [notice] 1#1: worker process 35 exited with code 0
2024/03/13 20:23:17 [notice] 1#1: worker process 36 exited with code 0
2024/03/13 20:23:17 [notice] 1#1: signal 29 (SIGIO) received
2024/03/13 20:23:17 [notice] 1#1: signal 17 (SIGCHLD) received from 42
2024/03/13 20:23:17 [notice] 1#1: worker process 31 exited with code 0
2024/03/13 20:23:17 [notice] 1#1: worker process 42 exited with code 0
2024/03/13 20:23:17 [notice] 1#1: signal 29 (SIGIO) received
2024/03/13 20:23:17 [notice] 1#1: signal 17 (SIGCHLD) received from 40
2024/03/13 20:23:17 [notice] 1#1: worker process 40 exited with code 0
2024/03/13 20:23:17 [notice] 1#1: signal 29 (SIGIO) received
2024/03/13 20:23:18 [notice] 32#32: exiting
2024/03/13 20:23:18 [notice] 32#32: exit
2024/03/13 20:23:18 [notice] 1#1: signal 17 (SIGCHLD) received from 32
2024/03/13 20:23:18 [notice] 1#1: worker process 32 exited with code 0
2024/03/13 20:23:18 [notice] 1#1: exit
2024/03/13 20:23:35 [notice] 1#1: using the "epoll" event method
2024/03/13 20:23:35 [notice] 1#1: nginx/1.23.1
2024/03/13 20:23:35 [notice] 1#1: built by gcc 11.2.1 20220219 (Alpine 11.2.1_git20220219) 
2024/03/13 20:23:35 [notice] 1#1: OS: Linux 5.15.0-60-generic
2024/03/13 20:23:35 [notice] 1#1: getrlimit(RLIMIT_NOFILE): 1048576:1048576
2024/03/13 20:23:35 [notice] 1#1: start worker processes
2024/03/13 20:23:35 [notice] 1#1: start worker process 30
2024/03/13 20:23:35 [notice] 1#1: start worker process 31
2024/03/13 20:23:35 [notice] 1#1: start worker process 32
2024/03/13 20:23:35 [notice] 1#1: start worker process 33
2024/03/13 20:23:35 [notice] 1#1: start worker process 34
2024/03/13 20:23:35 [notice] 1#1: start worker process 35
2024/03/13 20:23:35 [notice] 1#1: start worker process 36
2024/03/13 20:23:35 [notice] 1#1: start worker process 37
2024/03/13 20:23:35 [notice] 1#1: start worker process 38
2024/03/13 20:23:35 [notice] 1#1: start worker process 39
2024/03/13 20:23:35 [notice] 1#1: start worker process 40
2024/03/13 20:23:35 [notice] 1#1: start worker process 41
2024/03/13 20:24:37 [notice] 1#1: signal 3 (SIGQUIT) received, shutting down
2024/03/13 20:24:37 [notice] 33#33: gracefully shutting down
2024/03/13 20:24:37 [notice] 32#32: gracefully shutting down
2024/03/13 20:24:37 [notice] 36#36: gracefully shutting down
2024/03/13 20:24:37 [notice] 39#39: gracefully shutting down
2024/03/13 20:24:37 [notice] 33#33: exiting
2024/03/13 20:24:37 [notice] 34#34: gracefully shutting down
2024/03/13 20:24:37 [notice] 32#32: exiting
2024/03/13 20:24:37 [notice] 36#36: exiting
2024/03/13 20:24:37 [notice] 39#39: exiting
2024/03/13 20:24:37 [notice] 34#34: exiting
2024/03/13 20:24:37 [notice] 36#36: exit
2024/03/13 20:24:37 [notice] 33#33: exit
2024/03/13 20:24:37 [notice] 32#32: exit
2024/03/13 20:24:37 [notice] 39#39: exit
2024/03/13 20:24:37 [notice] 34#34: exit
2024/03/13 20:24:37 [notice] 30#30: gracefully shutting down
2024/03/13 20:24:37 [notice] 30#30: exiting
2024/03/13 20:24:37 [notice] 30#30: exit
2024/03/13 20:24:37 [notice] 31#31: gracefully shutting down
2024/03/13 20:24:37 [notice] 35#35: gracefully shutting down
2024/03/13 20:24:37 [notice] 35#35: exiting
2024/03/13 20:24:37 [notice] 35#35: exit
2024/03/13 20:24:37 [notice] 37#37: gracefully shutting down
2024/03/13 20:24:37 [notice] 37#37: exiting
2024/03/13 20:24:37 [notice] 37#37: exit
2024/03/13 20:24:37 [notice] 38#38: gracefully shutting down
2024/03/13 20:24:37 [notice] 38#38: exiting
2024/03/13 20:24:37 [notice] 38#38: exit
2024/03/13 20:24:37 [notice] 40#40: gracefully shutting down
2024/03/13 20:24:37 [notice] 40#40: exiting
2024/03/13 20:24:37 [notice] 41#41: gracefully shutting down
2024/03/13 20:24:37 [notice] 40#40: exit
2024/03/13 20:24:37 [notice] 41#41: exiting
2024/03/13 20:24:37 [notice] 41#41: exit
2024/03/13 20:24:37 [notice] 1#1: signal 17 (SIGCHLD) received from 33
2024/03/13 20:24:37 [notice] 1#1: worker process 33 exited with code 0
2024/03/13 20:24:37 [notice] 1#1: signal 29 (SIGIO) received
2024/03/13 20:24:37 [notice] 1#1: signal 17 (SIGCHLD) received from 36
2024/03/13 20:24:37 [notice] 1#1: worker process 30 exited with code 0
2024/03/13 20:24:37 [notice] 1#1: worker process 36 exited with code 0
2024/03/13 20:24:37 [notice] 1#1: worker process 39 exited with code 0
2024/03/13 20:24:37 [notice] 1#1: worker process 41 exited with code 0
2024/03/13 20:24:37 [notice] 1#1: signal 29 (SIGIO) received
2024/03/13 20:24:37 [notice] 1#1: signal 17 (SIGCHLD) received from 41
2024/03/13 20:24:37 [notice] 1#1: worker process 34 exited with code 0
2024/03/13 20:24:37 [notice] 1#1: signal 29 (SIGIO) received
2024/03/13 20:24:37 [notice] 1#1: signal 17 (SIGCHLD) received from 32
2024/03/13 20:24:37 [notice] 1#1: worker process 32 exited with code 0
2024/03/13 20:24:37 [notice] 1#1: signal 29 (SIGIO) received
2024/03/13 20:24:37 [notice] 1#1: signal 17 (SIGCHLD) received from 38
2024/03/13 20:24:37 [notice] 1#1: worker process 35 exited with code 0
2024/03/13 20:24:37 [notice] 1#1: worker process 38 exited with code 0
2024/03/13 20:24:37 [notice] 1#1: signal 29 (SIGIO) received
2024/03/13 20:24:37 [notice] 1#1: signal 17 (SIGCHLD) received from 35
2024/03/13 20:24:37 [notice] 1#1: signal 17 (SIGCHLD) received from 40
2024/03/13 20:24:37 [notice] 1#1: worker process 40 exited with code 0
2024/03/13 20:24:37 [notice] 1#1: signal 29 (SIGIO) received
2024/03/13 20:24:37 [notice] 1#1: signal 17 (SIGCHLD) received from 37
2024/03/13 20:24:37 [notice] 1#1: worker process 37 exited with code 0
2024/03/13 20:24:37 [notice] 1#1: signal 29 (SIGIO) received
2024/03/13 20:24:37 [notice] 31#31: exiting
2024/03/13 20:24:37 [notice] 31#31: exit
2024/03/13 20:24:37 [notice] 1#1: signal 17 (SIGCHLD) received from 31
2024/03/13 20:24:37 [notice] 1#1: worker process 31 exited with code 0
2024/03/13 20:24:37 [notice] 1#1: exit
2024/03/13 20:24:42 [notice] 1#1: using the "epoll" event method
2024/03/13 20:24:42 [notice] 1#1: nginx/1.23.1
2024/03/13 20:24:42 [notice] 1#1: built by gcc 11.2.1 20220219 (Alpine 11.2.1_git20220219) 
2024/03/13 20:24:42 [notice] 1#1: OS: Linux 5.15.0-60-generic
2024/03/13 20:24:42 [notice] 1#1: getrlimit(RLIMIT_NOFILE): 1048576:1048576
2024/03/13 20:24:42 [notice] 1#1: start worker processes
2024/03/13 20:24:42 [notice] 1#1: start worker process 31
2024/03/13 20:24:42 [notice] 1#1: start worker process 32
2024/03/13 20:24:42 [notice] 1#1: start worker process 33
2024/03/13 20:24:42 [notice] 1#1: start worker process 34
2024/03/13 20:24:42 [notice] 1#1: start worker process 35
2024/03/13 20:24:42 [notice] 1#1: start worker process 36
2024/03/13 20:24:42 [notice] 1#1: start worker process 37
2024/03/13 20:24:42 [notice] 1#1: start worker process 38
2024/03/13 20:24:42 [notice] 1#1: start worker process 39
2024/03/13 20:24:42 [notice] 1#1: start worker process 40
2024/03/13 20:24:42 [notice] 1#1: start worker process 41
2024/03/13 20:24:42 [notice] 1#1: start worker process 42
2024/03/13 20:25:59 [notice] 1#1: signal 3 (SIGQUIT) received, shutting down
2024/03/13 20:25:59 [notice] 31#31: gracefully shutting down
2024/03/13 20:25:59 [notice] 32#32: gracefully shutting down
2024/03/13 20:25:59 [notice] 33#33: gracefully shutting down
2024/03/13 20:25:59 [notice] 35#35: gracefully shutting down
2024/03/13 20:25:59 [notice] 36#36: gracefully shutting down
2024/03/13 20:25:59 [notice] 31#31: exiting
2024/03/13 20:25:59 [notice] 33#33: exiting
2024/03/13 20:25:59 [notice] 38#38: gracefully shutting down
2024/03/13 20:25:59 [notice] 35#35: exiting
2024/03/13 20:25:59 [notice] 36#36: exiting
2024/03/13 20:25:59 [notice] 38#38: exiting
2024/03/13 20:25:59 [notice] 32#32: exiting
2024/03/13 20:25:59 [notice] 35#35: exit
2024/03/13 20:25:59 [notice] 38#38: exit
2024/03/13 20:25:59 [notice] 33#33: exit
2024/03/13 20:25:59 [notice] 36#36: exit
2024/03/13 20:25:59 [notice] 32#32: exit
2024/03/13 20:25:59 [notice] 31#31: exit
2024/03/13 20:25:59 [notice] 34#34: gracefully shutting down
2024/03/13 20:25:59 [notice] 34#34: exiting
2024/03/13 20:25:59 [notice] 37#37: gracefully shutting down
2024/03/13 20:25:59 [notice] 39#39: gracefully shutting down
2024/03/13 20:25:59 [notice] 37#37: exiting
2024/03/13 20:25:59 [notice] 39#39: exiting
2024/03/13 20:25:59 [notice] 34#34: exit
2024/03/13 20:25:59 [notice] 37#37: exit
2024/03/13 20:25:59 [notice] 39#39: exit
2024/03/13 20:25:59 [notice] 42#42: gracefully shutting down
2024/03/13 20:25:59 [notice] 42#42: exiting
2024/03/13 20:25:59 [notice] 40#40: gracefully shutting down
2024/03/13 20:25:59 [notice] 40#40: exiting
2024/03/13 20:25:59 [notice] 42#42: exit
2024/03/13 20:25:59 [notice] 40#40: exit
2024/03/13 20:25:59 [notice] 41#41: gracefully shutting down
2024/03/13 20:25:59 [notice] 41#41: exiting
2024/03/13 20:25:59 [notice] 41#41: exit
2024/03/13 20:25:59 [notice] 1#1: signal 17 (SIGCHLD) received from 36
2024/03/13 20:25:59 [notice] 1#1: worker process 36 exited with code 0
2024/03/13 20:25:59 [notice] 1#1: signal 29 (SIGIO) received
2024/03/13 20:25:59 [notice] 1#1: signal 17 (SIGCHLD) received from 42
2024/03/13 20:25:59 [notice] 1#1: worker process 32 exited with code 0
2024/03/13 20:25:59 [notice] 1#1: worker process 33 exited with code 0
2024/03/13 20:25:59 [notice] 1#1: worker process 34 exited with code 0
2024/03/13 20:25:59 [notice] 1#1: worker process 42 exited with code 0
2024/03/13 20:25:59 [notice] 1#1: signal 29 (SIGIO) received
2024/03/13 20:25:59 [notice] 1#1: signal 17 (SIGCHLD) received from 32
2024/03/13 20:25:59 [notice] 1#1: signal 17 (SIGCHLD) received from 41
2024/03/13 20:25:59 [notice] 1#1: worker process 37 exited with code 0
2024/03/13 20:25:59 [notice] 1#1: worker process 38 exited with code 0
2024/03/13 20:25:59 [notice] 1#1: worker process 41 exited with code 0
2024/03/13 20:25:59 [notice] 1#1: signal 29 (SIGIO) received
2024/03/13 20:25:59 [notice] 1#1: signal 17 (SIGCHLD) received from 37
2024/03/13 20:25:59 [notice] 1#1: worker process 40 exited with code 0
2024/03/13 20:25:59 [notice] 1#1: signal 29 (SIGIO) received
2024/03/13 20:25:59 [notice] 1#1: signal 17 (SIGCHLD) received from 40
2024/03/13 20:25:59 [notice] 1#1: signal 17 (SIGCHLD) received from 39
2024/03/13 20:25:59 [notice] 1#1: worker process 31 exited with code 0
2024/03/13 20:25:59 [notice] 1#1: worker process 39 exited with code 0
2024/03/13 20:25:59 [notice] 1#1: signal 29 (SIGIO) received
2024/03/13 20:25:59 [notice] 1#1: signal 17 (SIGCHLD) received from 31
2024/03/13 20:25:59 [notice] 1#1: signal 17 (SIGCHLD) received from 35
2024/03/13 20:25:59 [notice] 1#1: worker process 35 exited with code 0
2024/03/13 20:25:59 [notice] 1#1: exit
2024/03/13 20:26:07 [notice] 1#1: using the "epoll" event method
2024/03/13 20:26:07 [notice] 1#1: nginx/1.23.1
2024/03/13 20:26:07 [notice] 1#1: built by gcc 11.2.1 20220219 (Alpine 11.2.1_git20220219) 
2024/03/13 20:26:07 [notice] 1#1: OS: Linux 5.15.0-60-generic
2024/03/13 20:26:07 [notice] 1#1: getrlimit(RLIMIT_NOFILE): 1048576:1048576
2024/03/13 20:26:07 [notice] 1#1: start worker processes
2024/03/13 20:26:07 [notice] 1#1: start worker process 30
2024/03/13 20:26:07 [notice] 1#1: start worker process 31
2024/03/13 20:26:07 [notice] 1#1: start worker process 32
2024/03/13 20:26:07 [notice] 1#1: start worker process 33
2024/03/13 20:26:07 [notice] 1#1: start worker process 34
2024/03/13 20:26:07 [notice] 1#1: start worker process 35
2024/03/13 20:26:07 [notice] 1#1: start worker process 36
2024/03/13 20:26:07 [notice] 1#1: start worker process 37
2024/03/13 20:26:07 [notice] 1#1: start worker process 38
2024/03/13 20:26:07 [notice] 1#1: start worker process 39
2024/03/13 20:26:07 [notice] 1#1: start worker process 40
2024/03/13 20:26:07 [notice] 1#1: start worker process 41
2024/03/13 20:28:07 [notice] 1#1: signal 3 (SIGQUIT) received, shutting down
2024/03/13 20:28:07 [notice] 30#30: gracefully shutting down
2024/03/13 20:28:07 [notice] 31#31: gracefully shutting down
2024/03/13 20:28:07 [notice] 32#32: gracefully shutting down
2024/03/13 20:28:07 [notice] 33#33: gracefully shutting down
2024/03/13 20:28:07 [notice] 30#30: exiting
2024/03/13 20:28:07 [notice] 31#31: exiting
2024/03/13 20:28:07 [notice] 36#36: gracefully shutting down
2024/03/13 20:28:07 [notice] 32#32: exiting
2024/03/13 20:28:07 [notice] 37#37: gracefully shutting down
2024/03/13 20:28:07 [notice] 39#39: gracefully shutting down
2024/03/13 20:28:07 [notice] 38#38: gracefully shutting down
2024/03/13 20:28:07 [notice] 40#40: gracefully shutting down
2024/03/13 20:28:07 [notice] 33#33: exiting
2024/03/13 20:28:07 [notice] 34#34: gracefully shutting down
2024/03/13 20:28:07 [notice] 36#36: exiting
2024/03/13 20:28:07 [notice] 37#37: exiting
2024/03/13 20:28:07 [notice] 39#39: exiting
2024/03/13 20:28:07 [notice] 38#38: exiting
2024/03/13 20:28:07 [notice] 40#40: exiting
2024/03/13 20:28:07 [notice] 34#34: exiting
2024/03/13 20:28:07 [notice] 30#30: exit
2024/03/13 20:28:07 [notice] 32#32: exit
2024/03/13 20:28:07 [notice] 31#31: exit
2024/03/13 20:28:07 [notice] 33#33: exit
2024/03/13 20:28:07 [notice] 34#34: exit
2024/03/13 20:28:07 [notice] 39#39: exit
2024/03/13 20:28:07 [notice] 37#37: exit
2024/03/13 20:28:07 [notice] 36#36: exit
2024/03/13 20:28:07 [notice] 40#40: exit
2024/03/13 20:28:07 [notice] 38#38: exit
2024/03/13 20:28:07 [notice] 35#35: gracefully shutting down
2024/03/13 20:28:07 [notice] 41#41: gracefully shutting down
2024/03/13 20:28:07 [notice] 35#35: exiting
2024/03/13 20:28:07 [notice] 41#41: exiting
2024/03/13 20:28:07 [notice] 35#35: exit
2024/03/13 20:28:07 [notice] 41#41: exit
2024/03/13 20:28:07 [notice] 1#1: signal 17 (SIGCHLD) received from 37
2024/03/13 20:28:07 [notice] 1#1: worker process 37 exited with code 0
2024/03/13 20:28:07 [notice] 1#1: signal 29 (SIGIO) received
2024/03/13 20:28:07 [notice] 1#1: signal 17 (SIGCHLD) received from 34
2024/03/13 20:28:07 [notice] 1#1: worker process 34 exited with code 0
2024/03/13 20:28:07 [notice] 1#1: signal 29 (SIGIO) received
2024/03/13 20:28:07 [notice] 1#1: signal 17 (SIGCHLD) received from 30
2024/03/13 20:28:07 [notice] 1#1: worker process 30 exited with code 0
2024/03/13 20:28:07 [notice] 1#1: worker process 32 exited with code 0
2024/03/13 20:28:07 [notice] 1#1: signal 29 (SIGIO) received
2024/03/13 20:28:07 [notice] 1#1: signal 17 (SIGCHLD) received from 32
2024/03/13 20:28:07 [notice] 1#1: worker process 40 exited with code 0
2024/03/13 20:28:07 [notice] 1#1: signal 29 (SIGIO) received
2024/03/13 20:28:07 [notice] 1#1: signal 17 (SIGCHLD) received from 36
2024/03/13 20:28:07 [notice] 1#1: worker process 36 exited with code 0
2024/03/13 20:28:07 [notice] 1#1: worker process 33 exited with code 0
2024/03/13 20:28:07 [notice] 1#1: signal 29 (SIGIO) received
2024/03/13 20:28:07 [notice] 1#1: signal 17 (SIGCHLD) received from 33
2024/03/13 20:28:07 [notice] 1#1: signal 17 (SIGCHLD) received from 31
2024/03/13 20:28:07 [notice] 1#1: worker process 31 exited with code 0
2024/03/13 20:28:07 [notice] 1#1: worker process 35 exited with code 0
2024/03/13 20:28:07 [notice] 1#1: signal 29 (SIGIO) received
2024/03/13 20:28:07 [notice] 1#1: signal 17 (SIGCHLD) received from 39
2024/03/13 20:28:07 [notice] 1#1: worker process 39 exited with code 0
2024/03/13 20:28:07 [notice] 1#1: worker process 41 exited with code 0
2024/03/13 20:28:07 [notice] 1#1: signal 29 (SIGIO) received
2024/03/13 20:28:07 [notice] 1#1: signal 17 (SIGCHLD) received from 41
2024/03/13 20:28:07 [notice] 1#1: signal 17 (SIGCHLD) received from 38
2024/03/13 20:28:07 [notice] 1#1: worker process 38 exited with code 0
2024/03/13 20:28:07 [notice] 1#1: exit
2024/03/13 20:28:16 [notice] 1#1: using the "epoll" event method
2024/03/13 20:28:16 [notice] 1#1: nginx/1.23.1
2024/03/13 20:28:16 [notice] 1#1: built by gcc 11.2.1 20220219 (Alpine 11.2.1_git20220219) 
2024/03/13 20:28:16 [notice] 1#1: OS: Linux 5.15.0-60-generic
2024/03/13 20:28:16 [notice] 1#1: getrlimit(RLIMIT_NOFILE): 1048576:1048576
2024/03/13 20:28:16 [notice] 1#1: start worker processes
2024/03/13 20:28:16 [notice] 1#1: start worker process 31
2024/03/13 20:28:16 [notice] 1#1: start worker process 32
2024/03/13 20:28:16 [notice] 1#1: start worker process 33
2024/03/13 20:28:16 [notice] 1#1: start worker process 34
2024/03/13 20:28:16 [notice] 1#1: start worker process 35
2024/03/13 20:28:16 [notice] 1#1: start worker process 36
2024/03/13 20:28:16 [notice] 1#1: start worker process 37
2024/03/13 20:28:16 [notice] 1#1: start worker process 38
2024/03/13 20:28:16 [notice] 1#1: start worker process 39
2024/03/13 20:28:16 [notice] 1#1: start worker process 40
2024/03/13 20:28:16 [notice] 1#1: start worker process 41
2024/03/13 20:28:16 [notice] 1#1: start worker process 42
2024/03/13 20:28:39 [notice] 1#1: signal 3 (SIGQUIT) received, shutting down
2024/03/13 20:28:39 [notice] 31#31: gracefully shutting down
2024/03/13 20:28:39 [notice] 33#33: gracefully shutting down
2024/03/13 20:28:39 [notice] 32#32: gracefully shutting down
2024/03/13 20:28:39 [notice] 34#34: gracefully shutting down
2024/03/13 20:28:39 [notice] 36#36: gracefully shutting down
2024/03/13 20:28:39 [notice] 37#37: gracefully shutting down
2024/03/13 20:28:39 [notice] 39#39: gracefully shutting down
2024/03/13 20:28:39 [notice] 31#31: exiting
2024/03/13 20:28:39 [notice] 41#41: gracefully shutting down
2024/03/13 20:28:39 [notice] 39#39: exiting
2024/03/13 20:28:39 [notice] 40#40: gracefully shutting down
2024/03/13 20:28:39 [notice] 33#33: exiting
2024/03/13 20:28:39 [notice] 32#32: exiting
2024/03/13 20:28:39 [notice] 34#34: exiting
2024/03/13 20:28:39 [notice] 36#36: exiting
2024/03/13 20:28:39 [notice] 38#38: gracefully shutting down
2024/03/13 20:28:39 [notice] 37#37: exiting
2024/03/13 20:28:39 [notice] 41#41: exiting
2024/03/13 20:28:39 [notice] 40#40: exiting
2024/03/13 20:28:39 [notice] 38#38: exiting
2024/03/13 20:28:39 [notice] 31#31: exit
2024/03/13 20:28:39 [notice] 39#39: exit
2024/03/13 20:28:39 [notice] 33#33: exit
2024/03/13 20:28:39 [notice] 32#32: exit
2024/03/13 20:28:39 [notice] 34#34: exit
2024/03/13 20:28:39 [notice] 36#36: exit
2024/03/13 20:28:39 [notice] 40#40: exit
2024/03/13 20:28:39 [notice] 38#38: exit
2024/03/13 20:28:39 [notice] 41#41: exit
2024/03/13 20:28:39 [notice] 37#37: exit
2024/03/13 20:28:39 [notice] 42#42: gracefully shutting down
2024/03/13 20:28:39 [notice] 42#42: exiting
2024/03/13 20:28:39 [notice] 35#35: gracefully shutting down
2024/03/13 20:28:39 [notice] 35#35: exiting
2024/03/13 20:28:39 [notice] 42#42: exit
2024/03/13 20:28:39 [notice] 35#35: exit
2024/03/13 20:28:39 [notice] 1#1: signal 17 (SIGCHLD) received from 39
2024/03/13 20:28:39 [notice] 1#1: worker process 39 exited with code 0
2024/03/13 20:28:39 [notice] 1#1: worker process 40 exited with code 0
2024/03/13 20:28:39 [notice] 1#1: worker process 41 exited with code 0
2024/03/13 20:28:39 [notice] 1#1: signal 29 (SIGIO) received
2024/03/13 20:28:39 [notice] 1#1: signal 17 (SIGCHLD) received from 34
2024/03/13 20:28:39 [notice] 1#1: worker process 34 exited with code 0
2024/03/13 20:28:39 [notice] 1#1: signal 29 (SIGIO) received
2024/03/13 20:28:39 [notice] 1#1: signal 17 (SIGCHLD) received from 32
2024/03/13 20:28:39 [notice] 1#1: worker process 32 exited with code 0
2024/03/13 20:28:39 [notice] 1#1: signal 29 (SIGIO) received
2024/03/13 20:28:39 [notice] 1#1: signal 17 (SIGCHLD) received from 33
2024/03/13 20:28:39 [notice] 1#1: worker process 33 exited with code 0
2024/03/13 20:28:39 [notice] 1#1: signal 29 (SIGIO) received
2024/03/13 20:28:39 [notice] 1#1: signal 17 (SIGCHLD) received from 38
2024/03/13 20:28:39 [notice] 1#1: worker process 35 exited with code 0
2024/03/13 20:28:39 [notice] 1#1: worker process 38 exited with code 0
2024/03/13 20:28:39 [notice] 1#1: signal 29 (SIGIO) received
2024/03/13 20:28:39 [notice] 1#1: signal 17 (SIGCHLD) received from 36
2024/03/13 20:28:39 [notice] 1#1: worker process 36 exited with code 0
2024/03/13 20:28:39 [notice] 1#1: signal 29 (SIGIO) received
2024/03/13 20:28:39 [notice] 1#1: signal 17 (SIGCHLD) received from 42
2024/03/13 20:28:39 [notice] 1#1: worker process 31 exited with code 0
2024/03/13 20:28:39 [notice] 1#1: worker process 42 exited with code 0
2024/03/13 20:28:39 [notice] 1#1: signal 29 (SIGIO) received
2024/03/13 20:28:39 [notice] 1#1: signal 17 (SIGCHLD) received from 37
2024/03/13 20:28:39 [notice] 1#1: worker process 37 exited with code 0
2024/03/13 20:28:39 [notice] 1#1: exit
2024/03/13 20:47:41 [notice] 1#1: using the "epoll" event method
2024/03/13 20:47:41 [notice] 1#1: nginx/1.23.1
2024/03/13 20:47:41 [notice] 1#1: built by gcc 11.2.1 20220219 (Alpine 11.2.1_git20220219) 
2024/03/13 20:47:41 [notice] 1#1: OS: Linux 5.15.0-60-generic
2024/03/13 20:47:41 [notice] 1#1: getrlimit(RLIMIT_NOFILE): 1048576:1048576
2024/03/13 20:47:41 [notice] 1#1: start worker processes
2024/03/13 20:47:41 [notice] 1#1: start worker process 31
2024/03/13 20:47:41 [notice] 1#1: start worker process 32
2024/03/13 20:47:41 [notice] 1#1: start worker process 33
2024/03/13 20:47:41 [notice] 1#1: start worker process 34
2024/03/13 20:47:41 [notice] 1#1: start worker process 35
2024/03/13 20:47:41 [notice] 1#1: start worker process 36
2024/03/13 20:47:41 [notice] 1#1: start worker process 37
2024/03/13 20:47:41 [notice] 1#1: start worker process 38
2024/03/13 20:47:41 [notice] 1#1: start worker process 39
2024/03/13 20:47:41 [notice] 1#1: start worker process 40
2024/03/13 20:47:41 [notice] 1#1: start worker process 41
2024/03/13 20:47:41 [notice] 1#1: start worker process 42
2024/03/13 20:50:45 [notice] 1#1: signal 3 (SIGQUIT) received, shutting down
2024/03/13 20:50:45 [notice] 31#31: gracefully shutting down
2024/03/13 20:50:45 [notice] 32#32: gracefully shutting down
2024/03/13 20:50:45 [notice] 33#33: gracefully shutting down
2024/03/13 20:50:45 [notice] 34#34: gracefully shutting down
2024/03/13 20:50:45 [notice] 36#36: gracefully shutting down
2024/03/13 20:50:45 [notice] 35#35: gracefully shutting down
2024/03/13 20:50:45 [notice] 37#37: gracefully shutting down
2024/03/13 20:50:45 [notice] 40#40: gracefully shutting down
2024/03/13 20:50:45 [notice] 39#39: gracefully shutting down
2024/03/13 20:50:45 [notice] 41#41: gracefully shutting down
2024/03/13 20:50:45 [notice] 33#33: exiting
2024/03/13 20:50:45 [notice] 34#34: exiting
2024/03/13 20:50:45 [notice] 36#36: exiting
2024/03/13 20:50:45 [notice] 31#31: exiting
2024/03/13 20:50:45 [notice] 38#38: gracefully shutting down
2024/03/13 20:50:45 [notice] 35#35: exiting
2024/03/13 20:50:45 [notice] 37#37: exiting
2024/03/13 20:50:45 [notice] 40#40: exiting
2024/03/13 20:50:45 [notice] 39#39: exiting
2024/03/13 20:50:45 [notice] 41#41: exiting
2024/03/13 20:50:45 [notice] 38#38: exiting
2024/03/13 20:50:45 [notice] 33#33: exit
2024/03/13 20:50:45 [notice] 36#36: exit
2024/03/13 20:50:45 [notice] 31#31: exit
2024/03/13 20:50:45 [notice] 35#35: exit
2024/03/13 20:50:45 [notice] 37#37: exit
2024/03/13 20:50:45 [notice] 40#40: exit
2024/03/13 20:50:45 [notice] 34#34: exit
2024/03/13 20:50:45 [notice] 38#38: exit
2024/03/13 20:50:45 [notice] 39#39: exit
2024/03/13 20:50:45 [notice] 41#41: exit
2024/03/13 20:50:45 [notice] 42#42: gracefully shutting down
2024/03/13 20:50:45 [notice] 42#42: exiting
2024/03/13 20:50:45 [notice] 42#42: exit
2024/03/13 20:50:45 [notice] 1#1: signal 17 (SIGCHLD) received from 34
2024/03/13 20:50:45 [notice] 1#1: worker process 34 exited with code 0
2024/03/13 20:50:45 [notice] 1#1: worker process 37 exited with code 0
2024/03/13 20:50:45 [notice] 1#1: worker process 38 exited with code 0
2024/03/13 20:50:45 [notice] 1#1: worker process 39 exited with code 0
2024/03/13 20:50:45 [notice] 1#1: worker process 40 exited with code 0
2024/03/13 20:50:45 [notice] 1#1: signal 29 (SIGIO) received
2024/03/13 20:50:45 [notice] 1#1: signal 17 (SIGCHLD) received from 39
2024/03/13 20:50:45 [notice] 1#1: worker process 33 exited with code 0
2024/03/13 20:50:45 [notice] 1#1: signal 29 (SIGIO) received
2024/03/13 20:50:45 [notice] 1#1: signal 17 (SIGCHLD) received from 36
2024/03/13 20:50:45 [notice] 1#1: worker process 36 exited with code 0
2024/03/13 20:50:45 [notice] 1#1: worker process 41 exited with code 0
2024/03/13 20:50:45 [notice] 1#1: worker process 31 exited with code 0
2024/03/13 20:50:45 [notice] 1#1: worker process 42 exited with code 0
2024/03/13 20:50:45 [notice] 1#1: signal 29 (SIGIO) received
2024/03/13 20:50:45 [notice] 1#1: signal 17 (SIGCHLD) received from 41
2024/03/13 20:50:45 [notice] 1#1: signal 17 (SIGCHLD) received from 35
2024/03/13 20:50:45 [notice] 1#1: worker process 35 exited with code 0
2024/03/13 20:50:45 [notice] 1#1: signal 29 (SIGIO) received
2024/03/13 20:50:45 [notice] 32#32: exiting
2024/03/13 20:50:45 [notice] 32#32: exit
2024/03/13 20:50:45 [notice] 1#1: signal 17 (SIGCHLD) received from 32
2024/03/13 20:50:45 [notice] 1#1: worker process 32 exited with code 0
2024/03/13 20:50:45 [notice] 1#1: exit
2024/03/13 20:52:00 [notice] 1#1: using the "epoll" event method
2024/03/13 20:52:00 [notice] 1#1: nginx/1.23.1
2024/03/13 20:52:00 [notice] 1#1: built by gcc 11.2.1 20220219 (Alpine 11.2.1_git20220219) 
2024/03/13 20:52:00 [notice] 1#1: OS: Linux 5.15.0-60-generic
2024/03/13 20:52:00 [notice] 1#1: getrlimit(RLIMIT_NOFILE): 1048576:1048576
2024/03/13 20:52:00 [notice] 1#1: start worker processes
2024/03/13 20:52:00 [notice] 1#1: start worker process 31
2024/03/13 20:52:00 [notice] 1#1: start worker process 32
2024/03/13 20:52:00 [notice] 1#1: start worker process 33
2024/03/13 20:52:00 [notice] 1#1: start worker process 34
2024/03/13 20:52:00 [notice] 1#1: start worker process 35
2024/03/13 20:52:00 [notice] 1#1: start worker process 36
2024/03/13 20:52:00 [notice] 1#1: start worker process 37
2024/03/13 20:52:00 [notice] 1#1: start worker process 38
2024/03/13 20:52:00 [notice] 1#1: start worker process 39
2024/03/13 20:52:00 [notice] 1#1: start worker process 40
2024/03/13 20:52:00 [notice] 1#1: start worker process 41
2024/03/13 20:52:00 [notice] 1#1: start worker process 42
